# JRE version: OpenJDK Runtime Environment (21.0.5) (build 21.0.5+-12932927-b750.29)
# Java VM: OpenJDK 64-Bit Server VM (21.0.5+-12932927-b750.29, mixed mode, tiered, compressed oops, compressed class ptrs, g1 gc, windows-amd64)
GC Precious Log:
 CardTable entry size: 512
 Card Set container configuration: InlinePtr #cards 5 size 8 Array Of Cards #cards 12 size 40 Howl #buckets 4 coarsen threshold 1843 Howl Bitmap #cards 512 size 80 coarsen threshold 460 Card regions per heap region 1 cards per card region 2048
 CPUs: 16 total, 16 available
 Memory: 15603M
 Large Page Support: Disabled
 NUMA Support: Disabled
 Compressed Oops: Enabled (32-bit)
 Heap Region Size: 1M
 Heap Min Capacity: 8M
 Heap Initial Capacity: 244M
 Heap Max Capacity: 2G
 Pre-touch: Disabled
 Parallel Workers: 13
 Concurrent Workers: 3
 Concurrent Refinement Workers: 13
 Periodic GC: Disabled
Heap:
 garbage-first heap   total 331776K, used 210915K [0x0000000080000000, 0x0000000100000000)
  region size 1024K, 7 young (7168K), 2 survivors (2048K)
 Metaspace       used 149234K, committed 151744K, reserved 1179648K
  class space    used 20353K, committed 21632K, reserved 1048576K
GC Heap History (20 events):
Event: 106.524 GC heap before
{Heap before GC invocations=64 (full 0):
 garbage-first heap   total 309248K, used 268646K [0x0000000080000000, 0x0000000100000000)
  region size 1024K, 88 young (90112K), 5 survivors (5120K)
 Metaspace       used 133199K, committed 135680K, reserved 1179648K
  class space    used 18028K, committed 19264K, reserved 1048576K
}
Event: 106.527 GC heap after
{Heap after GC invocations=65 (full 0):
 garbage-first heap   total 309248K, used 186025K [0x0000000080000000, 0x0000000100000000)
  region size 1024K, 7 young (7168K), 7 survivors (7168K)
 Metaspace       used 133199K, committed 135680K, reserved 1179648K
  class space    used 18028K, committed 19264K, reserved 1048576K
}
Event: 107.169 GC heap before
{Heap before GC invocations=66 (full 0):
 garbage-first heap   total 311296K, used 275113K [0x0000000080000000, 0x0000000100000000)
  region size 1024K, 94 young (96256K), 7 survivors (7168K)
 Metaspace       used 133199K, committed 135680K, reserved 1179648K
  class space    used 18028K, committed 19264K, reserved 1048576K
}
Event: 107.172 GC heap after
{Heap after GC invocations=67 (full 0):
 garbage-first heap   total 311296K, used 189260K [0x0000000080000000, 0x0000000100000000)
  region size 1024K, 8 young (8192K), 8 survivors (8192K)
 Metaspace       used 133199K, committed 135680K, reserved 1179648K
  class space    used 18028K, committed 19264K, reserved 1048576K
}
Event: 107.866 GC heap before
{Heap before GC invocations=67 (full 0):
 garbage-first heap   total 311296K, used 279372K [0x0000000080000000, 0x0000000100000000)
  region size 1024K, 96 young (98304K), 8 survivors (8192K)
 Metaspace       used 133199K, committed 135680K, reserved 1179648K
  class space    used 18028K, committed 19264K, reserved 1048576K
}
Event: 107.870 GC heap after
{Heap after GC invocations=68 (full 0):
 garbage-first heap   total 311296K, used 189360K [0x0000000080000000, 0x0000000100000000)
  region size 1024K, 9 young (9216K), 9 survivors (9216K)
 Metaspace       used 133199K, committed 135680K, reserved 1179648K
  class space    used 18028K, committed 19264K, reserved 1048576K
}
Event: 108.345 GC heap before
{Heap before GC invocations=68 (full 0):
 garbage-first heap   total 311296K, used 282544K [0x0000000080000000, 0x0000000100000000)
  region size 1024K, 100 young (102400K), 9 survivors (9216K)
 Metaspace       used 133199K, committed 135680K, reserved 1179648K
  class space    used 18028K, committed 19264K, reserved 1048576K
}
Event: 108.348 GC heap after
{Heap after GC invocations=69 (full 0):
 garbage-first heap   total 311296K, used 192739K [0x0000000080000000, 0x0000000100000000)
  region size 1024K, 10 young (10240K), 10 survivors (10240K)
 Metaspace       used 133199K, committed 135680K, reserved 1179648K
  class space    used 18028K, committed 19264K, reserved 1048576K
}
Event: 108.827 GC heap before
{Heap before GC invocations=70 (full 0):
 garbage-first heap   total 322560K, used 282851K [0x0000000080000000, 0x0000000100000000)
  region size 1024K, 98 young (100352K), 10 survivors (10240K)
 Metaspace       used 133199K, committed 135680K, reserved 1179648K
  class space    used 18028K, committed 19264K, reserved 1048576K
}
Event: 108.830 GC heap after
{Heap after GC invocations=71 (full 0):
 garbage-first heap   total 322560K, used 195484K [0x0000000080000000, 0x0000000100000000)
  region size 1024K, 9 young (9216K), 9 survivors (9216K)
 Metaspace       used 133199K, committed 135680K, reserved 1179648K
  class space    used 18028K, committed 19264K, reserved 1048576K
}
Event: 109.407 GC heap before
{Heap before GC invocations=71 (full 0):
 garbage-first heap   total 322560K, used 294812K [0x0000000080000000, 0x0000000100000000)
  region size 1024K, 106 young (108544K), 9 survivors (9216K)
 Metaspace       used 133199K, committed 135680K, reserved 1179648K
  class space    used 18028K, committed 19264K, reserved 1048576K
}
Event: 109.412 GC heap after
{Heap after GC invocations=72 (full 0):
 garbage-first heap   total 322560K, used 195530K [0x0000000080000000, 0x0000000100000000)
  region size 1024K, 8 young (8192K), 8 survivors (8192K)
 Metaspace       used 133199K, committed 135680K, reserved 1179648K
  class space    used 18028K, committed 19264K, reserved 1048576K
}
Event: 109.947 GC heap before
{Heap before GC invocations=72 (full 0):
 garbage-first heap   total 322560K, used 295882K [0x0000000080000000, 0x0000000100000000)
  region size 1024K, 106 young (108544K), 8 survivors (8192K)
 Metaspace       used 133199K, committed 135680K, reserved 1179648K
  class space    used 18028K, committed 19264K, reserved 1048576K
}
Event: 109.951 GC heap after
{Heap after GC invocations=73 (full 0):
 garbage-first heap   total 322560K, used 197929K [0x0000000080000000, 0x0000000100000000)
  region size 1024K, 10 young (10240K), 10 survivors (10240K)
 Metaspace       used 133199K, committed 135680K, reserved 1179648K
  class space    used 18028K, committed 19264K, reserved 1048576K
}
Event: 111.598 GC heap before
{Heap before GC invocations=74 (full 0):
 garbage-first heap   total 331776K, used 303401K [0x0000000080000000, 0x0000000100000000)
  region size 1024K, 104 young (106496K), 10 survivors (10240K)
 Metaspace       used 144592K, committed 147072K, reserved 1179648K
  class space    used 19746K, committed 20992K, reserved 1048576K
}
Event: 111.602 GC heap after
{Heap after GC invocations=75 (full 0):
 garbage-first heap   total 331776K, used 202285K [0x0000000080000000, 0x0000000100000000)
  region size 1024K, 10 young (10240K), 10 survivors (10240K)
 Metaspace       used 144592K, committed 147072K, reserved 1179648K
  class space    used 19746K, committed 20992K, reserved 1048576K
}
Event: 114.295 GC heap before
{Heap before GC invocations=75 (full 0):
 garbage-first heap   total 331776K, used 303661K [0x0000000080000000, 0x0000000100000000)
  region size 1024K, 108 young (110592K), 10 survivors (10240K)
 Metaspace       used 149233K, committed 151744K, reserved 1179648K
  class space    used 20353K, committed 21632K, reserved 1048576K
}
Event: 115.301 GC heap after
{Heap after GC invocations=76 (full 0):
 garbage-first heap   total 331776K, used 206038K [0x0000000080000000, 0x0000000100000000)
  region size 1024K, 11 young (11264K), 11 survivors (11264K)
 Metaspace       used 149233K, committed 151744K, reserved 1179648K
  class space    used 20353K, committed 21632K, reserved 1048576K
}
Event: 115.321 GC heap before
{Heap before GC invocations=76 (full 0):
 garbage-first heap   total 331776K, used 211158K [0x0000000080000000, 0x0000000100000000)
  region size 1024K, 16 young (16384K), 11 survivors (11264K)
 Metaspace       used 149234K, committed 151744K, reserved 1179648K
  class space    used 20353K, committed 21632K, reserved 1048576K
}
Event: 115.325 GC heap after
{Heap after GC invocations=77 (full 0):
 garbage-first heap   total 331776K, used 206819K [0x0000000080000000, 0x0000000100000000)
  region size 1024K, 2 young (2048K), 2 survivors (2048K)
 Metaspace       used 149234K, committed 151744K, reserved 1179648K
  class space    used 20353K, committed 21632K, reserved 1048576K
}

